# JRE version: Java(TM) SE Runtime Environment (8.0_66-b17) (build 1.8.0_66-b17)
# Java VM: Java HotSpot(TM) 64-Bit Server VM (25.66-b17 mixed mode bsd-amd64 compressed oops)
Heap:
 PSYoungGen      total 23040K, used 16215K [0x00000007aab00000, 0x00000007ac800000, 0x00000007c0000000)
  eden space 16384K, 97% used [0x00000007aab00000,0x00000007abaaddb8,0x00000007abb00000)
  from space 6656K, 2% used [0x00000007ac180000,0x00000007ac1a8000,0x00000007ac800000)
  to   space 6656K, 0% used [0x00000007abb00000,0x00000007abb00000,0x00000007ac180000)
 ParOldGen       total 44032K, used 7677K [0x0000000780000000, 0x0000000782b00000, 0x00000007aab00000)
  object space 44032K, 17% used [0x0000000780000000,0x000000078077f7d0,0x0000000782b00000)
 Metaspace       used 17885K, capacity 18694K, committed 18816K, reserved 1064960K
  class space    used 2354K, capacity 2575K, committed 2688K, reserved 1048576K
GC Heap History (10 events):
Event: 4.883 GC heap before
{Heap before GC invocations=4 (full 0):
 PSYoungGen      total 18944K, used 18912K [0x00000007aab00000, 0x00000007ac000000, 0x00000007c0000000)
  eden space 16384K, 100% used [0x00000007aab00000,0x00000007abb00000,0x00000007abb00000)
  from space 2560K, 98% used [0x00000007abb00000,0x00000007abd78040,0x00000007abd80000)
  to   space 2560K, 0% used [0x00000007abd80000,0x00000007abd80000,0x00000007ac000000)
 ParOldGen       total 44032K, used 2191K [0x0000000780000000, 0x0000000782b00000, 0x00000007aab00000)
  object space 44032K, 4% used [0x0000000780000000,0x0000000780223c98,0x0000000782b00000)
 Metaspace       used 17003K, capacity 17788K, committed 18048K, reserved 1064960K
  class space    used 2339K, capacity 2562K, committed 2688K, reserved 1048576K
Event: 4.890 GC heap after
Heap after GC invocations=4 (full 0):
 PSYoungGen      total 18944K, used 2544K [0x00000007aab00000, 0x00000007ac000000, 0x00000007c0000000)
  eden space 16384K, 0% used [0x00000007aab00000,0x00000007aab00000,0x00000007abb00000)
  from space 2560K, 99% used [0x00000007abd80000,0x00000007abffc030,0x00000007ac000000)
  to   space 2560K, 0% used [0x00000007abb00000,0x00000007abb00000,0x00000007abd80000)
 ParOldGen       total 44032K, used 5092K [0x0000000780000000, 0x0000000782b00000, 0x00000007aab00000)
  object space 44032K, 11% used [0x0000000780000000,0x00000007804f91d8,0x0000000782b00000)
 Metaspace       used 17003K, capacity 17788K, committed 18048K, reserved 1064960K
  class space    used 2339K, capacity 2562K, committed 2688K, reserved 1048576K
}
Event: 10.505 GC heap before
{Heap before GC invocations=5 (full 0):
 PSYoungGen      total 18944K, used 18928K [0x00000007aab00000, 0x00000007ac000000, 0x00000007c0000000)
  eden space 16384K, 100% used [0x00000007aab00000,0x00000007abb00000,0x00000007abb00000)
  from space 2560K, 99% used [0x00000007abd80000,0x00000007abffc030,0x00000007ac000000)
  to   space 2560K, 0% used [0x00000007abb00000,0x00000007abb00000,0x00000007abd80000)
 ParOldGen       total 44032K, used 5092K [0x0000000780000000, 0x0000000782b00000, 0x00000007aab00000)
  object space 44032K, 11% used [0x0000000780000000,0x00000007804f91d8,0x0000000782b00000)
 Metaspace       used 17628K, capacity 18382K, committed 18560K, reserved 1064960K
  class space    used 2346K, capacity 2563K, committed 2688K, reserved 1048576K
Event: 10.513 GC heap after
Heap after GC invocations=5 (full 0):
 PSYoungGen      total 18944K, used 2544K [0x00000007aab00000, 0x00000007ac700000, 0x00000007c0000000)
  eden space 16384K, 0% used [0x00000007aab00000,0x00000007aab00000,0x00000007abb00000)
  from space 2560K, 99% used [0x00000007abb00000,0x00000007abd7c030,0x00000007abd80000)
  to   space 6144K, 0% used [0x00000007ac100000,0x00000007ac100000,0x00000007ac700000)
 ParOldGen       total 44032K, used 5174K [0x0000000780000000, 0x0000000782b00000, 0x00000007aab00000)
  object space 44032K, 11% used [0x0000000780000000,0x000000078050d9e8,0x0000000782b00000)
 Metaspace       used 17628K, capacity 18382K, committed 18560K, reserved 1064960K
  class space    used 2346K, capacity 2563K, committed 2688K, reserved 1048576K
}
Event: 16.391 GC heap before
{Heap before GC invocations=6 (full 0):
 PSYoungGen      total 18944K, used 18928K [0x00000007aab00000, 0x00000007ac700000, 0x00000007c0000000)
  eden space 16384K, 100% used [0x00000007aab00000,0x00000007abb00000,0x00000007abb00000)
  from space 2560K, 99% used [0x00000007abb00000,0x00000007abd7c030,0x00000007abd80000)
  to   space 6144K, 0% used [0x00000007ac100000,0x00000007ac100000,0x00000007ac700000)
 ParOldGen       total 44032K, used 5174K [0x0000000780000000, 0x0000000782b00000, 0x00000007aab00000)
  object space 44032K, 11% used [0x0000000780000000,0x000000078050d9e8,0x0000000782b00000)
 Metaspace       used 17777K, capacity 18574K, committed 18816K, reserved 1064960K
  class space    used 2347K, capacity 2563K, committed 2688K, reserved 1048576K
Event: 16.398 GC heap after
Heap after GC invocations=6 (full 0):
 PSYoungGen      total 22528K, used 2576K [0x00000007aab00000, 0x00000007ac700000, 0x00000007c0000000)
  eden space 16384K, 0% used [0x00000007aab00000,0x00000007aab00000,0x00000007abb00000)
  from space 6144K, 41% used [0x00000007ac100000,0x00000007ac384030,0x00000007ac700000)
  to   space 6144K, 0% used [0x00000007abb00000,0x00000007abb00000,0x00000007ac100000)
 ParOldGen       total 44032K, used 5182K [0x0000000780000000, 0x0000000782b00000, 0x00000007aab00000)
  object space 44032K, 11% used [0x0000000780000000,0x000000078050f9e8,0x0000000782b00000)
 Metaspace       used 17777K, capacity 18574K, committed 18816K, reserved 1064960K
  class space    used 2347K, capacity 2563K, committed 2688K, reserved 1048576K
}
Event: 22.912 GC heap before
{Heap before GC invocations=7 (full 0):
 PSYoungGen      total 22528K, used 18960K [0x00000007aab00000, 0x00000007ac700000, 0x00000007c0000000)
  eden space 16384K, 100% used [0x00000007aab00000,0x00000007abb00000,0x00000007abb00000)
  from space 6144K, 41% used [0x00000007ac100000,0x00000007ac384030,0x00000007ac700000)
  to   space 6144K, 0% used [0x00000007abb00000,0x00000007abb00000,0x00000007ac100000)
 ParOldGen       total 44032K, used 5182K [0x0000000780000000, 0x0000000782b00000, 0x00000007aab00000)
  object space 44032K, 11% used [0x0000000780000000,0x000000078050f9e8,0x0000000782b00000)
 Metaspace       used 17797K, capacity 18638K, committed 18816K, reserved 1064960K
  class space    used 2347K, capacity 2563K, committed 2688K, reserved 1048576K
Event: 22.919 GC heap after
Heap after GC invocations=7 (full 0):
 PSYoungGen      total 22528K, used 704K [0x00000007aab00000, 0x00000007ac800000, 0x00000007c0000000)
  eden space 16384K, 0% used [0x00000007aab00000,0x00000007aab00000,0x00000007abb00000)
  from space 6144K, 11% used [0x00000007abb00000,0x00000007abbb0000,0x00000007ac100000)
  to   space 6656K, 0% used [0x00000007ac180000,0x00000007ac180000,0x00000007ac800000)
 ParOldGen       total 44032K, used 7066K [0x0000000780000000, 0x0000000782b00000, 0x00000007aab00000)
  object space 44032K, 16% used [0x0000000780000000,0x00000007806e6a88,0x0000000782b00000)
 Metaspace       used 17797K, capacity 18638K, committed 18816K, reserved 1064960K
  class space    used 2347K, capacity 2563K, committed 2688K, reserved 1048576K
}
Event: 27.521 GC heap before
{Heap before GC invocations=8 (full 0):
 PSYoungGen      total 22528K, used 17088K [0x00000007aab00000, 0x00000007ac800000, 0x00000007c0000000)
  eden space 16384K, 100% used [0x00000007aab00000,0x00000007abb00000,0x00000007abb00000)
  from space 6144K, 11% used [0x00000007abb00000,0x00000007abbb0000,0x00000007ac100000)
  to   space 6656K, 0% used [0x00000007ac180000,0x00000007ac180000,0x00000007ac800000)
 ParOldGen       total 44032K, used 7066K [0x0000000780000000, 0x0000000782b00000, 0x00000007aab00000)
  object space 44032K, 16% used [0x0000000780000000,0x00000007806e6a88,0x0000000782b00000)
 Metaspace       used 17842K, capacity 18644K, committed 18816K, reserved 1064960K
  class space    used 2348K, capacity 2564K, committed 2688K, reserved 1048576K
Event: 27.523 GC heap after
Heap after GC invocations=8 (full 0):
 PSYoungGen      total 23040K, used 160K [0x00000007aab00000, 0x00000007ac800000, 0x00000007c0000000)
  eden space 16384K, 0% used [0x00000007aab00000,0x00000007aab00000,0x00000007abb00000)
  from space 6656K, 2% used [0x00000007ac180000,0x00000007ac1a8000,0x00000007ac800000)
  to   space 6656K, 0% used [0x00000007abb00000,0x00000007abb00000,0x00000007ac180000)
 ParOldGen       total 44032K, used 7677K [0x0000000780000000, 0x0000000782b00000, 0x00000007aab00000)
  object space 44032K, 17% used [0x0000000780000000,0x000000078077f7d0,0x0000000782b00000)
 Metaspace       used 17842K, capacity 18644K, committed 18816K, reserved 1064960K
  class space    used 2348K, capacity 2564K, committed 2688K, reserved 1048576K
}

