# JRE version: Java(TM) SE Runtime Environment (8.0_66-b17) (build 1.8.0_66-b17)
# Java VM: Java HotSpot(TM) 64-Bit Server VM (25.66-b17 mixed mode bsd-amd64 compressed oops)
Heap:
 PSYoungGen      total 21504K, used 2289K [0x00000007aab00000, 0x00000007ac580000, 0x00000007c0000000)
  eden space 15872K, 13% used [0x00000007aab00000,0x00000007aad1c400,0x00000007aba80000)
  from space 5632K, 2% used [0x00000007ac000000,0x00000007ac020000,0x00000007ac580000)
  to   space 5632K, 0% used [0x00000007aba80000,0x00000007aba80000,0x00000007ac000000)
 ParOldGen       total 44032K, used 7885K [0x0000000780000000, 0x0000000782b00000, 0x00000007aab00000)
  object space 44032K, 17% used [0x0000000780000000,0x00000007807b34c8,0x0000000782b00000)
 Metaspace       used 18204K, capacity 19018K, committed 19328K, reserved 1067008K
  class space    used 2382K, capacity 2591K, committed 2688K, reserved 1048576K
GC Heap History (10 events):
Event: 70.477 GC heap before
{Heap before GC invocations=12 (full 0):
 PSYoungGen      total 22016K, used 16000K [0x00000007aab00000, 0x00000007ac680000, 0x00000007c0000000)
  eden space 15872K, 100% used [0x00000007aab00000,0x00000007aba80000,0x00000007aba80000)
  from space 6144K, 2% used [0x00000007aba80000,0x00000007abaa0000,0x00000007ac080000)
  to   space 6144K, 0% used [0x00000007ac080000,0x00000007ac080000,0x00000007ac680000)
 ParOldGen       total 44032K, used 7773K [0x0000000780000000, 0x0000000782b00000, 0x00000007aab00000)
  object space 44032K, 17% used [0x0000000780000000,0x00000007807974c8,0x0000000782b00000)
 Metaspace       used 18126K, capacity 18950K, committed 19072K, reserved 1064960K
  class space    used 2371K, capacity 2577K, committed 2688K, reserved 1048576K
Event: 70.479 GC heap after
Heap after GC invocations=12 (full 0):
 PSYoungGen      total 22016K, used 32K [0x00000007aab00000, 0x00000007ac680000, 0x00000007c0000000)
  eden space 15872K, 0% used [0x00000007aab00000,0x00000007aab00000,0x00000007aba80000)
  from space 6144K, 0% used [0x00000007ac080000,0x00000007ac088000,0x00000007ac680000)
  to   space 6144K, 0% used [0x00000007aba80000,0x00000007aba80000,0x00000007ac080000)
 ParOldGen       total 44032K, used 7781K [0x0000000780000000, 0x0000000782b00000, 0x00000007aab00000)
  object space 44032K, 17% used [0x0000000780000000,0x00000007807994c8,0x0000000782b00000)
 Metaspace       used 18126K, capacity 18950K, committed 19072K, reserved 1064960K
  class space    used 2371K, capacity 2577K, committed 2688K, reserved 1048576K
}
Event: 77.060 GC heap before
{Heap before GC invocations=13 (full 0):
 PSYoungGen      total 22016K, used 15904K [0x00000007aab00000, 0x00000007ac680000, 0x00000007c0000000)
  eden space 15872K, 100% used [0x00000007aab00000,0x00000007aba80000,0x00000007aba80000)
  from space 6144K, 0% used [0x00000007ac080000,0x00000007ac088000,0x00000007ac680000)
  to   space 6144K, 0% used [0x00000007aba80000,0x00000007aba80000,0x00000007ac080000)
 ParOldGen       total 44032K, used 7781K [0x0000000780000000, 0x0000000782b00000, 0x00000007aab00000)
  object space 44032K, 17% used [0x0000000780000000,0x00000007807994c8,0x0000000782b00000)
 Metaspace       used 18136K, capacity 18950K, committed 19072K, reserved 1064960K
  class space    used 2371K, capacity 2577K, committed 2688K, reserved 1048576K
Event: 77.061 GC heap after
Heap after GC invocations=13 (full 0):
 PSYoungGen      total 22016K, used 128K [0x00000007aab00000, 0x00000007ac680000, 0x00000007c0000000)
  eden space 15872K, 0% used [0x00000007aab00000,0x00000007aab00000,0x00000007aba80000)
  from space 6144K, 2% used [0x00000007aba80000,0x00000007abaa0000,0x00000007ac080000)
  to   space 6144K, 0% used [0x00000007ac080000,0x00000007ac080000,0x00000007ac680000)
 ParOldGen       total 44032K, used 7813K [0x0000000780000000, 0x0000000782b00000, 0x00000007aab00000)
  object space 44032K, 17% used [0x0000000780000000,0x00000007807a14c8,0x0000000782b00000)
 Metaspace       used 18136K, capacity 18950K, committed 19072K, reserved 1064960K
  class space    used 2371K, capacity 2577K, committed 2688K, reserved 1048576K
}
Event: 87.985 GC heap before
{Heap before GC invocations=14 (full 0):
 PSYoungGen      total 22016K, used 16000K [0x00000007aab00000, 0x00000007ac680000, 0x00000007c0000000)
  eden space 15872K, 100% used [0x00000007aab00000,0x00000007aba80000,0x00000007aba80000)
  from space 6144K, 2% used [0x00000007aba80000,0x00000007abaa0000,0x00000007ac080000)
  to   space 6144K, 0% used [0x00000007ac080000,0x00000007ac080000,0x00000007ac680000)
 ParOldGen       total 44032K, used 7813K [0x0000000780000000, 0x0000000782b00000, 0x00000007aab00000)
  object space 44032K, 17% used [0x0000000780000000,0x00000007807a14c8,0x0000000782b00000)
 Metaspace       used 18139K, capacity 18950K, committed 19072K, reserved 1064960K
  class space    used 2371K, capacity 2577K, committed 2688K, reserved 1048576K
Event: 87.986 GC heap after
Heap after GC invocations=14 (full 0):
 PSYoungGen      total 20992K, used 96K [0x00000007aab00000, 0x00000007ac580000, 0x00000007c0000000)
  eden space 15872K, 0% used [0x00000007aab00000,0x00000007aab00000,0x00000007aba80000)
  from space 5120K, 1% used [0x00000007ac080000,0x00000007ac098000,0x00000007ac580000)
  to   space 5632K, 0% used [0x00000007aba80000,0x00000007aba80000,0x00000007ac000000)
 ParOldGen       total 44032K, used 7829K [0x0000000780000000, 0x0000000782b00000, 0x00000007aab00000)
  object space 44032K, 17% used [0x0000000780000000,0x00000007807a54c8,0x0000000782b00000)
 Metaspace       used 18139K, capacity 18950K, committed 19072K, reserved 1064960K
  class space    used 2371K, capacity 2577K, committed 2688K, reserved 1048576K
}
Event: 92.079 GC heap before
{Heap before GC invocations=15 (full 0):
 PSYoungGen      total 20992K, used 15968K [0x00000007aab00000, 0x00000007ac580000, 0x00000007c0000000)
  eden space 15872K, 100% used [0x00000007aab00000,0x00000007aba80000,0x00000007aba80000)
  from space 5120K, 1% used [0x00000007ac080000,0x00000007ac098000,0x00000007ac580000)
  to   space 5632K, 0% used [0x00000007aba80000,0x00000007aba80000,0x00000007ac000000)
 ParOldGen       total 44032K, used 7829K [0x0000000780000000, 0x0000000782b00000, 0x00000007aab00000)
  object space 44032K, 17% used [0x0000000780000000,0x00000007807a54c8,0x0000000782b00000)
 Metaspace       used 18148K, capacity 18968K, committed 19328K, reserved 1067008K
  class space    used 2374K, capacity 2580K, committed 2688K, reserved 1048576K
Event: 92.080 GC heap after
Heap after GC invocations=15 (full 0):
 PSYoungGen      total 21504K, used 160K [0x00000007aab00000, 0x00000007ac580000, 0x00000007c0000000)
  eden space 15872K, 0% used [0x00000007aab00000,0x00000007aab00000,0x00000007aba80000)
  from space 5632K, 2% used [0x00000007aba80000,0x00000007abaa8000,0x00000007ac000000)
  to   space 5632K, 0% used [0x00000007ac000000,0x00000007ac000000,0x00000007ac580000)
 ParOldGen       total 44032K, used 7853K [0x0000000780000000, 0x0000000782b00000, 0x00000007aab00000)
  object space 44032K, 17% used [0x0000000780000000,0x00000007807ab4c8,0x0000000782b00000)
 Metaspace       used 18148K, capacity 18968K, committed 19328K, reserved 1067008K
  class space    used 2374K, capacity 2580K, committed 2688K, reserved 1048576K
}
Event: 99.328 GC heap before
{Heap before GC invocations=16 (full 0):
 PSYoungGen      total 21504K, used 16032K [0x00000007aab00000, 0x00000007ac580000, 0x00000007c0000000)
  eden space 15872K, 100% used [0x00000007aab00000,0x00000007aba80000,0x00000007aba80000)
  from space 5632K, 2% used [0x00000007aba80000,0x00000007abaa8000,0x00000007ac000000)
  to   space 5632K, 0% used [0x00000007ac000000,0x00000007ac000000,0x00000007ac580000)
 ParOldGen       total 44032K, used 7853K [0x0000000780000000, 0x0000000782b00000, 0x00000007aab00000)
  object space 44032K, 17% used [0x0000000780000000,0x00000007807ab4c8,0x0000000782b00000)
 Metaspace       used 18149K, capacity 18968K, committed 19328K, reserved 1067008K
  class space    used 2374K, capacity 2580K, committed 2688K, reserved 1048576K
Event: 99.329 GC heap after
Heap after GC invocations=16 (full 0):
 PSYoungGen      total 21504K, used 128K [0x00000007aab00000, 0x00000007ac580000, 0x00000007c0000000)
  eden space 15872K, 0% used [0x00000007aab00000,0x00000007aab00000,0x00000007aba80000)
  from space 5632K, 2% used [0x00000007ac000000,0x00000007ac020000,0x00000007ac580000)
  to   space 5632K, 0% used [0x00000007aba80000,0x00000007aba80000,0x00000007ac000000)
 ParOldGen       total 44032K, used 7885K [0x0000000780000000, 0x0000000782b00000, 0x00000007aab00000)
  object space 44032K, 17% used [0x0000000780000000,0x00000007807b34c8,0x0000000782b00000)
 Metaspace       used 18149K, capacity 18968K, committed 19328K, reserved 1067008K
  class space    used 2374K, capacity 2580K, committed 2688K, reserved 1048576K
}

