# JRE version: Java(TM) SE Runtime Environment (8.0_66-b17) (build 1.8.0_66-b17)
# Java VM: Java HotSpot(TM) 64-Bit Server VM (25.66-b17 mixed mode bsd-amd64 compressed oops)
Heap:
 PSYoungGen      total 23040K, used 2770K [0x00000007aab00000, 0x00000007ac800000, 0x00000007c0000000)
  eden space 16384K, 16% used [0x00000007aab00000,0x00000007aad94a98,0x00000007abb00000)
  from space 6656K, 1% used [0x00000007ac180000,0x00000007ac1a0000,0x00000007ac800000)
  to   space 6656K, 0% used [0x00000007abb00000,0x00000007abb00000,0x00000007ac180000)
 ParOldGen       total 44032K, used 7662K [0x0000000780000000, 0x0000000782b00000, 0x00000007aab00000)
  object space 44032K, 17% used [0x0000000780000000,0x000000078077b948,0x0000000782b00000)
 Metaspace       used 17860K, capacity 18698K, committed 18816K, reserved 1064960K
  class space    used 2355K, capacity 2575K, committed 2688K, reserved 1048576K
GC Heap History (10 events):
Event: 3.584 GC heap before
{Heap before GC invocations=4 (full 0):
 PSYoungGen      total 18944K, used 18912K [0x00000007aab00000, 0x00000007ac000000, 0x00000007c0000000)
  eden space 16384K, 100% used [0x00000007aab00000,0x00000007abb00000,0x00000007abb00000)
  from space 2560K, 98% used [0x00000007abb00000,0x00000007abd78040,0x00000007abd80000)
  to   space 2560K, 0% used [0x00000007abd80000,0x00000007abd80000,0x00000007ac000000)
 ParOldGen       total 44032K, used 2202K [0x0000000780000000, 0x0000000782b00000, 0x00000007aab00000)
  object space 44032K, 5% used [0x0000000780000000,0x0000000780226880,0x0000000782b00000)
 Metaspace       used 17047K, capacity 17792K, committed 18048K, reserved 1064960K
  class space    used 2345K, capacity 2562K, committed 2688K, reserved 1048576K
Event: 3.591 GC heap after
Heap after GC invocations=4 (full 0):
 PSYoungGen      total 18944K, used 2544K [0x00000007aab00000, 0x00000007ac000000, 0x00000007c0000000)
  eden space 16384K, 0% used [0x00000007aab00000,0x00000007aab00000,0x00000007abb00000)
  from space 2560K, 99% used [0x00000007abd80000,0x00000007abffc030,0x00000007ac000000)
  to   space 2560K, 0% used [0x00000007abb00000,0x00000007abb00000,0x00000007abd80000)
 ParOldGen       total 44032K, used 5074K [0x0000000780000000, 0x0000000782b00000, 0x00000007aab00000)
  object space 44032K, 11% used [0x0000000780000000,0x00000007804f4b50,0x0000000782b00000)
 Metaspace       used 17047K, capacity 17792K, committed 18048K, reserved 1064960K
  class space    used 2345K, capacity 2562K, committed 2688K, reserved 1048576K
}
Event: 8.987 GC heap before
{Heap before GC invocations=5 (full 0):
 PSYoungGen      total 18944K, used 18928K [0x00000007aab00000, 0x00000007ac000000, 0x00000007c0000000)
  eden space 16384K, 100% used [0x00000007aab00000,0x00000007abb00000,0x00000007abb00000)
  from space 2560K, 99% used [0x00000007abd80000,0x00000007abffc030,0x00000007ac000000)
  to   space 2560K, 0% used [0x00000007abb00000,0x00000007abb00000,0x00000007abd80000)
 ParOldGen       total 44032K, used 5074K [0x0000000780000000, 0x0000000782b00000, 0x00000007aab00000)
  object space 44032K, 11% used [0x0000000780000000,0x00000007804f4b50,0x0000000782b00000)
 Metaspace       used 17615K, capacity 18386K, committed 18560K, reserved 1064960K
  class space    used 2346K, capacity 2563K, committed 2688K, reserved 1048576K
Event: 8.994 GC heap after
Heap after GC invocations=5 (full 0):
 PSYoungGen      total 18944K, used 2544K [0x00000007aab00000, 0x00000007ac700000, 0x00000007c0000000)
  eden space 16384K, 0% used [0x00000007aab00000,0x00000007aab00000,0x00000007abb00000)
  from space 2560K, 99% used [0x00000007abb00000,0x00000007abd7c030,0x00000007abd80000)
  to   space 6144K, 0% used [0x00000007ac100000,0x00000007ac100000,0x00000007ac700000)
 ParOldGen       total 44032K, used 5122K [0x0000000780000000, 0x0000000782b00000, 0x00000007aab00000)
  object space 44032K, 11% used [0x0000000780000000,0x0000000780500b50,0x0000000782b00000)
 Metaspace       used 17615K, capacity 18386K, committed 18560K, reserved 1064960K
  class space    used 2346K, capacity 2563K, committed 2688K, reserved 1048576K
}
Event: 14.842 GC heap before
{Heap before GC invocations=6 (full 0):
 PSYoungGen      total 18944K, used 18928K [0x00000007aab00000, 0x00000007ac700000, 0x00000007c0000000)
  eden space 16384K, 100% used [0x00000007aab00000,0x00000007abb00000,0x00000007abb00000)
  from space 2560K, 99% used [0x00000007abb00000,0x00000007abd7c030,0x00000007abd80000)
  to   space 6144K, 0% used [0x00000007ac100000,0x00000007ac100000,0x00000007ac700000)
 ParOldGen       total 44032K, used 5122K [0x0000000780000000, 0x0000000782b00000, 0x00000007aab00000)
  object space 44032K, 11% used [0x0000000780000000,0x0000000780500b50,0x0000000782b00000)
 Metaspace       used 17798K, capacity 18578K, committed 18816K, reserved 1064960K
  class space    used 2347K, capacity 2563K, committed 2688K, reserved 1048576K
Event: 14.850 GC heap after
Heap after GC invocations=6 (full 0):
 PSYoungGen      total 22528K, used 2608K [0x00000007aab00000, 0x00000007ac700000, 0x00000007c0000000)
  eden space 16384K, 0% used [0x00000007aab00000,0x00000007aab00000,0x00000007abb00000)
  from space 6144K, 42% used [0x00000007ac100000,0x00000007ac38c030,0x00000007ac700000)
  to   space 6144K, 0% used [0x00000007abb00000,0x00000007abb00000,0x00000007ac100000)
 ParOldGen       total 44032K, used 5130K [0x0000000780000000, 0x0000000782b00000, 0x00000007aab00000)
  object space 44032K, 11% used [0x0000000780000000,0x0000000780502b50,0x0000000782b00000)
 Metaspace       used 17798K, capacity 18578K, committed 18816K, reserved 1064960K
  class space    used 2347K, capacity 2563K, committed 2688K, reserved 1048576K
}
Event: 21.378 GC heap before
{Heap before GC invocations=7 (full 0):
 PSYoungGen      total 22528K, used 18992K [0x00000007aab00000, 0x00000007ac700000, 0x00000007c0000000)
  eden space 16384K, 100% used [0x00000007aab00000,0x00000007abb00000,0x00000007abb00000)
  from space 6144K, 42% used [0x00000007ac100000,0x00000007ac38c030,0x00000007ac700000)
  to   space 6144K, 0% used [0x00000007abb00000,0x00000007abb00000,0x00000007ac100000)
 ParOldGen       total 44032K, used 5130K [0x0000000780000000, 0x0000000782b00000, 0x00000007aab00000)
  object space 44032K, 11% used [0x0000000780000000,0x0000000780502b50,0x0000000782b00000)
 Metaspace       used 17802K, capacity 18578K, committed 18816K, reserved 1064960K
  class space    used 2347K, capacity 2563K, committed 2688K, reserved 1048576K
Event: 21.391 GC heap after
Heap after GC invocations=7 (full 0):
 PSYoungGen      total 22528K, used 624K [0x00000007aab00000, 0x00000007ac800000, 0x00000007c0000000)
  eden space 16384K, 0% used [0x00000007aab00000,0x00000007aab00000,0x00000007abb00000)
  from space 6144K, 10% used [0x00000007abb00000,0x00000007abb9c010,0x00000007ac100000)
  to   space 6656K, 0% used [0x00000007ac180000,0x00000007ac180000,0x00000007ac800000)
 ParOldGen       total 44032K, used 7154K [0x0000000780000000, 0x0000000782b00000, 0x00000007aab00000)
  object space 44032K, 16% used [0x0000000780000000,0x00000007806fcbf0,0x0000000782b00000)
 Metaspace       used 17802K, capacity 18578K, committed 18816K, reserved 1064960K
  class space    used 2347K, capacity 2563K, committed 2688K, reserved 1048576K
}
Event: 25.358 GC heap before
{Heap before GC invocations=8 (full 0):
 PSYoungGen      total 22528K, used 17008K [0x00000007aab00000, 0x00000007ac800000, 0x00000007c0000000)
  eden space 16384K, 100% used [0x00000007aab00000,0x00000007abb00000,0x00000007abb00000)
  from space 6144K, 10% used [0x00000007abb00000,0x00000007abb9c010,0x00000007ac100000)
  to   space 6656K, 0% used [0x00000007ac180000,0x00000007ac180000,0x00000007ac800000)
 ParOldGen       total 44032K, used 7154K [0x0000000780000000, 0x0000000782b00000, 0x00000007aab00000)
  object space 44032K, 16% used [0x0000000780000000,0x00000007806fcbf0,0x0000000782b00000)
 Metaspace       used 17827K, capacity 18648K, committed 18816K, reserved 1064960K
  class space    used 2348K, capacity 2564K, committed 2688K, reserved 1048576K
Event: 25.360 GC heap after
Heap after GC invocations=8 (full 0):
 PSYoungGen      total 23040K, used 128K [0x00000007aab00000, 0x00000007ac800000, 0x00000007c0000000)
  eden space 16384K, 0% used [0x00000007aab00000,0x00000007aab00000,0x00000007abb00000)
  from space 6656K, 1% used [0x00000007ac180000,0x00000007ac1a0000,0x00000007ac800000)
  to   space 6656K, 0% used [0x00000007abb00000,0x00000007abb00000,0x00000007ac180000)
 ParOldGen       total 44032K, used 7662K [0x0000000780000000, 0x0000000782b00000, 0x00000007aab00000)
  object space 44032K, 17% used [0x0000000780000000,0x000000078077b948,0x0000000782b00000)
 Metaspace       used 17827K, capacity 18648K, committed 18816K, reserved 1064960K
  class space    used 2348K, capacity 2564K, committed 2688K, reserved 1048576K
}

